<?xml version="1.0" encoding="UTF-8"?>
<testsuite xmlns:xsi="http://www.w3.org/2001/XMLSchema-instance" xsi:noNamespaceSchemaLocation="https://maven.apache.org/surefire/maven-surefire-plugin/xsd/surefire-test-report-3.0.xsd" version="3.0" name="com.devsuperior.dsmovie.DsmovieApplicationTests" time="7.637" tests="1" errors="0" skipped="0" failures="0">
  <properties>
    <property name="java.specification.version" value="21"/>
    <property name="sun.cpu.isalist" value="amd64"/>
    <property name="sun.jnu.encoding" value="Cp1252"/>
    <property name="java.class.path" value="F:\Workspace Java\Nelio\Expert\Desafio-JaCoCo\Desafio\target\test-classes;F:\Workspace Java\Nelio\Expert\Desafio-JaCoCo\Desafio\target\classes;C:\Users\Usuario\.m2\repository\org\springframework\boot\spring-boot-starter-web\3.2.5\spring-boot-starter-web-3.2.5.jar;C:\Users\Usuario\.m2\repository\org\springframework\boot\spring-boot-starter\3.2.5\spring-boot-starter-3.2.5.jar;C:\Users\Usuario\.m2\repository\org\springframework\boot\spring-boot\3.2.5\spring-boot-3.2.5.jar;C:\Users\Usuario\.m2\repository\org\springframework\boot\spring-boot-autoconfigure\3.2.5\spring-boot-autoconfigure-3.2.5.jar;C:\Users\Usuario\.m2\repository\org\springframework\boot\spring-boot-starter-logging\3.2.5\spring-boot-starter-logging-3.2.5.jar;C:\Users\Usuario\.m2\repository\ch\qos\logback\logback-classic\1.4.14\logback-classic-1.4.14.jar;C:\Users\Usuario\.m2\repository\ch\qos\logback\logback-core\1.4.14\logback-core-1.4.14.jar;C:\Users\Usuario\.m2\repository\org\apache\logging\log4j\log4j-to-slf4j\2.21.1\log4j-to-slf4j-2.21.1.jar;C:\Users\Usuario\.m2\repository\org\apache\logging\log4j\log4j-api\2.21.1\log4j-api-2.21.1.jar;C:\Users\Usuario\.m2\repository\org\slf4j\jul-to-slf4j\2.0.13\jul-to-slf4j-2.0.13.jar;C:\Users\Usuario\.m2\repository\jakarta\annotation\jakarta.annotation-api\2.1.1\jakarta.annotation-api-2.1.1.jar;C:\Users\Usuario\.m2\repository\org\yaml\snakeyaml\2.2\snakeyaml-2.2.jar;C:\Users\Usuario\.m2\repository\org\springframework\boot\spring-boot-starter-json\3.2.5\spring-boot-starter-json-3.2.5.jar;C:\Users\Usuario\.m2\repository\com\fasterxml\jackson\datatype\jackson-datatype-jdk8\2.15.4\jackson-datatype-jdk8-2.15.4.jar;C:\Users\Usuario\.m2\repository\com\fasterxml\jackson\datatype\jackson-datatype-jsr310\2.15.4\jackson-datatype-jsr310-2.15.4.jar;C:\Users\Usuario\.m2\repository\com\fasterxml\jackson\module\jackson-module-parameter-names\2.15.4\jackson-module-parameter-names-2.15.4.jar;C:\Users\Usuario\.m2\repository\org\springframework\boot\spring-boot-starter-tomcat\3.2.5\spring-boot-starter-tomcat-3.2.5.jar;C:\Users\Usuario\.m2\repository\org\apache\tomcat\embed\tomcat-embed-core\10.1.20\tomcat-embed-core-10.1.20.jar;C:\Users\Usuario\.m2\repository\org\apache\tomcat\embed\tomcat-embed-websocket\10.1.20\tomcat-embed-websocket-10.1.20.jar;C:\Users\Usuario\.m2\repository\org\springframework\spring-web\6.1.6\spring-web-6.1.6.jar;C:\Users\Usuario\.m2\repository\org\springframework\spring-beans\6.1.6\spring-beans-6.1.6.jar;C:\Users\Usuario\.m2\repository\io\micrometer\micrometer-observation\1.12.5\micrometer-observation-1.12.5.jar;C:\Users\Usuario\.m2\repository\io\micrometer\micrometer-commons\1.12.5\micrometer-commons-1.12.5.jar;C:\Users\Usuario\.m2\repository\org\springframework\spring-webmvc\6.1.6\spring-webmvc-6.1.6.jar;C:\Users\Usuario\.m2\repository\org\springframework\spring-context\6.1.6\spring-context-6.1.6.jar;C:\Users\Usuario\.m2\repository\org\springframework\spring-expression\6.1.6\spring-expression-6.1.6.jar;C:\Users\Usuario\.m2\repository\org\springframework\boot\spring-boot-starter-test\3.2.5\spring-boot-starter-test-3.2.5.jar;C:\Users\Usuario\.m2\repository\org\springframework\boot\spring-boot-test\3.2.5\spring-boot-test-3.2.5.jar;C:\Users\Usuario\.m2\repository\org\springframework\boot\spring-boot-test-autoconfigure\3.2.5\spring-boot-test-autoconfigure-3.2.5.jar;C:\Users\Usuario\.m2\repository\com\jayway\jsonpath\json-path\2.9.0\json-path-2.9.0.jar;C:\Users\Usuario\.m2\repository\org\slf4j\slf4j-api\2.0.13\slf4j-api-2.0.13.jar;C:\Users\Usuario\.m2\repository\jakarta\xml\bind\jakarta.xml.bind-api\4.0.2\jakarta.xml.bind-api-4.0.2.jar;C:\Users\Usuario\.m2\repository\jakarta\activation\jakarta.activation-api\2.1.3\jakarta.activation-api-2.1.3.jar;C:\Users\Usuario\.m2\repository\net\minidev\json-smart\2.5.1\json-smart-2.5.1.jar;C:\Users\Usuario\.m2\repository\net\minidev\accessors-smart\2.5.1\accessors-smart-2.5.1.jar;C:\Users\Usuario\.m2\repository\org\ow2\asm\asm\9.6\asm-9.6.jar;C:\Users\Usuario\.m2\repository\org\assertj\assertj-core\3.24.2\assertj-core-3.24.2.jar;C:\Users\Usuario\.m2\repository\net\bytebuddy\byte-buddy\1.14.13\byte-buddy-1.14.13.jar;C:\Users\Usuario\.m2\repository\org\awaitility\awaitility\4.2.1\awaitility-4.2.1.jar;C:\Users\Usuario\.m2\repository\org\hamcrest\hamcrest\2.2\hamcrest-2.2.jar;C:\Users\Usuario\.m2\repository\org\junit\jupiter\junit-jupiter\5.10.2\junit-jupiter-5.10.2.jar;C:\Users\Usuario\.m2\repository\org\junit\jupiter\junit-jupiter-api\5.10.2\junit-jupiter-api-5.10.2.jar;C:\Users\Usuario\.m2\repository\org\opentest4j\opentest4j\1.3.0\opentest4j-1.3.0.jar;C:\Users\Usuario\.m2\repository\org\junit\platform\junit-platform-commons\1.10.2\junit-platform-commons-1.10.2.jar;C:\Users\Usuario\.m2\repository\org\apiguardian\apiguardian-api\1.1.2\apiguardian-api-1.1.2.jar;C:\Users\Usuario\.m2\repository\org\junit\jupiter\junit-jupiter-params\5.10.2\junit-jupiter-params-5.10.2.jar;C:\Users\Usuario\.m2\repository\org\junit\jupiter\junit-jupiter-engine\5.10.2\junit-jupiter-engine-5.10.2.jar;C:\Users\Usuario\.m2\repository\org\junit\platform\junit-platform-engine\1.10.2\junit-platform-engine-1.10.2.jar;C:\Users\Usuario\.m2\repository\org\mockito\mockito-core\5.7.0\mockito-core-5.7.0.jar;C:\Users\Usuario\.m2\repository\net\bytebuddy\byte-buddy-agent\1.14.13\byte-buddy-agent-1.14.13.jar;C:\Users\Usuario\.m2\repository\org\objenesis\objenesis\3.3\objenesis-3.3.jar;C:\Users\Usuario\.m2\repository\org\mockito\mockito-junit-jupiter\5.7.0\mockito-junit-jupiter-5.7.0.jar;C:\Users\Usuario\.m2\repository\org\skyscreamer\jsonassert\1.5.1\jsonassert-1.5.1.jar;C:\Users\Usuario\.m2\repository\com\vaadin\external\google\android-json\0.0.20131108.vaadin1\android-json-0.0.20131108.vaadin1.jar;C:\Users\Usuario\.m2\repository\org\springframework\spring-core\6.1.6\spring-core-6.1.6.jar;C:\Users\Usuario\.m2\repository\org\springframework\spring-jcl\6.1.6\spring-jcl-6.1.6.jar;C:\Users\Usuario\.m2\repository\org\springframework\spring-test\6.1.6\spring-test-6.1.6.jar;C:\Users\Usuario\.m2\repository\org\xmlunit\xmlunit-core\2.9.1\xmlunit-core-2.9.1.jar;C:\Users\Usuario\.m2\repository\org\springframework\boot\spring-boot-starter-data-jpa\3.2.5\spring-boot-starter-data-jpa-3.2.5.jar;C:\Users\Usuario\.m2\repository\org\springframework\boot\spring-boot-starter-aop\3.2.5\spring-boot-starter-aop-3.2.5.jar;C:\Users\Usuario\.m2\repository\org\aspectj\aspectjweaver\1.9.22\aspectjweaver-1.9.22.jar;C:\Users\Usuario\.m2\repository\org\springframework\boot\spring-boot-starter-jdbc\3.2.5\spring-boot-starter-jdbc-3.2.5.jar;C:\Users\Usuario\.m2\repository\com\zaxxer\HikariCP\5.0.1\HikariCP-5.0.1.jar;C:\Users\Usuario\.m2\repository\org\springframework\spring-jdbc\6.1.6\spring-jdbc-6.1.6.jar;C:\Users\Usuario\.m2\repository\org\hibernate\orm\hibernate-core\6.4.4.Final\hibernate-core-6.4.4.Final.jar;C:\Users\Usuario\.m2\repository\jakarta\persistence\jakarta.persistence-api\3.1.0\jakarta.persistence-api-3.1.0.jar;C:\Users\Usuario\.m2\repository\jakarta\transaction\jakarta.transaction-api\2.0.1\jakarta.transaction-api-2.0.1.jar;C:\Users\Usuario\.m2\repository\org\jboss\logging\jboss-logging\3.5.3.Final\jboss-logging-3.5.3.Final.jar;C:\Users\Usuario\.m2\repository\org\hibernate\common\hibernate-commons-annotations\6.0.6.Final\hibernate-commons-annotations-6.0.6.Final.jar;C:\Users\Usuario\.m2\repository\io\smallrye\jandex\3.1.2\jandex-3.1.2.jar;C:\Users\Usuario\.m2\repository\com\fasterxml\classmate\1.6.0\classmate-1.6.0.jar;C:\Users\Usuario\.m2\repository\org\glassfish\jaxb\jaxb-runtime\4.0.5\jaxb-runtime-4.0.5.jar;C:\Users\Usuario\.m2\repository\org\glassfish\jaxb\jaxb-core\4.0.5\jaxb-core-4.0.5.jar;C:\Users\Usuario\.m2\repository\org\eclipse\angus\angus-activation\2.0.2\angus-activation-2.0.2.jar;C:\Users\Usuario\.m2\repository\org\glassfish\jaxb\txw2\4.0.5\txw2-4.0.5.jar;C:\Users\Usuario\.m2\repository\com\sun\istack\istack-commons-runtime\4.1.2\istack-commons-runtime-4.1.2.jar;C:\Users\Usuario\.m2\repository\jakarta\inject\jakarta.inject-api\2.0.1\jakarta.inject-api-2.0.1.jar;C:\Users\Usuario\.m2\repository\org\antlr\antlr4-runtime\4.13.0\antlr4-runtime-4.13.0.jar;C:\Users\Usuario\.m2\repository\org\springframework\data\spring-data-jpa\3.2.5\spring-data-jpa-3.2.5.jar;C:\Users\Usuario\.m2\repository\org\springframework\data\spring-data-commons\3.2.5\spring-data-commons-3.2.5.jar;C:\Users\Usuario\.m2\repository\org\springframework\spring-orm\6.1.6\spring-orm-6.1.6.jar;C:\Users\Usuario\.m2\repository\org\springframework\spring-tx\6.1.6\spring-tx-6.1.6.jar;C:\Users\Usuario\.m2\repository\org\springframework\spring-aspects\6.1.6\spring-aspects-6.1.6.jar;C:\Users\Usuario\.m2\repository\com\h2database\h2\2.2.224\h2-2.2.224.jar;C:\Users\Usuario\.m2\repository\org\springframework\boot\spring-boot-starter-validation\3.2.5\spring-boot-starter-validation-3.2.5.jar;C:\Users\Usuario\.m2\repository\org\apache\tomcat\embed\tomcat-embed-el\10.1.20\tomcat-embed-el-10.1.20.jar;C:\Users\Usuario\.m2\repository\org\hibernate\validator\hibernate-validator\8.0.1.Final\hibernate-validator-8.0.1.Final.jar;C:\Users\Usuario\.m2\repository\jakarta\validation\jakarta.validation-api\3.0.2\jakarta.validation-api-3.0.2.jar;C:\Users\Usuario\.m2\repository\org\springframework\boot\spring-boot-starter-security\3.2.5\spring-boot-starter-security-3.2.5.jar;C:\Users\Usuario\.m2\repository\org\springframework\spring-aop\6.1.6\spring-aop-6.1.6.jar;C:\Users\Usuario\.m2\repository\org\springframework\security\spring-security-config\6.2.4\spring-security-config-6.2.4.jar;C:\Users\Usuario\.m2\repository\org\springframework\security\spring-security-web\6.2.4\spring-security-web-6.2.4.jar;C:\Users\Usuario\.m2\repository\org\springframework\security\spring-security-test\6.2.4\spring-security-test-6.2.4.jar;C:\Users\Usuario\.m2\repository\org\springframework\security\spring-security-core\6.2.4\spring-security-core-6.2.4.jar;C:\Users\Usuario\.m2\repository\org\springframework\security\spring-security-crypto\6.2.4\spring-security-crypto-6.2.4.jar;C:\Users\Usuario\.m2\repository\org\springframework\security\spring-security-oauth2-authorization-server\1.2.4\spring-security-oauth2-authorization-server-1.2.4.jar;C:\Users\Usuario\.m2\repository\org\springframework\security\spring-security-oauth2-core\6.2.4\spring-security-oauth2-core-6.2.4.jar;C:\Users\Usuario\.m2\repository\org\springframework\security\spring-security-oauth2-jose\6.2.4\spring-security-oauth2-jose-6.2.4.jar;C:\Users\Usuario\.m2\repository\org\springframework\security\spring-security-oauth2-resource-server\6.2.4\spring-security-oauth2-resource-server-6.2.4.jar;C:\Users\Usuario\.m2\repository\com\nimbusds\nimbus-jose-jwt\9.37.3\nimbus-jose-jwt-9.37.3.jar;C:\Users\Usuario\.m2\repository\com\github\stephenc\jcip\jcip-annotations\1.0-1\jcip-annotations-1.0-1.jar;C:\Users\Usuario\.m2\repository\com\fasterxml\jackson\core\jackson-databind\2.15.4\jackson-databind-2.15.4.jar;C:\Users\Usuario\.m2\repository\com\fasterxml\jackson\core\jackson-annotations\2.15.4\jackson-annotations-2.15.4.jar;C:\Users\Usuario\.m2\repository\com\fasterxml\jackson\core\jackson-core\2.15.4\jackson-core-2.15.4.jar;C:\Users\Usuario\.m2\repository\org\springframework\boot\spring-boot-starter-oauth2-resource-server\3.2.5\spring-boot-starter-oauth2-resource-server-3.2.5.jar;"/>
    <property name="java.vm.vendor" value="Eclipse Adoptium"/>
    <property name="sun.arch.data.model" value="64"/>
    <property name="user.variant" value=""/>
    <property name="java.vendor.url" value="https://adoptium.net/"/>
    <property name="user.timezone" value="America/Sao_Paulo"/>
    <property name="org.jboss.logging.provider" value="slf4j"/>
    <property name="os.name" value="Windows 11"/>
    <property name="java.vm.specification.version" value="21"/>
    <property name="sun.java.launcher" value="SUN_STANDARD"/>
    <property name="user.country" value="BR"/>
    <property name="sun.boot.library.path" value="C:\Users\Usuario\.p2\pool\plugins\org.eclipse.justj.openjdk.hotspot.jre.full.win32.x86_64_21.0.6.v20250130-0529\jre\bin"/>
    <property name="sun.java.command" value="C:\Users\Usuario\AppData\Local\Temp\surefire16002515602895159921\surefirebooter-20250402120152229_3.jar C:\Users\Usuario\AppData\Local\Temp\surefire16002515602895159921 2025-04-02T12-01-52_036-jvmRun1 surefire-20250402120152229_1tmp surefire_0-20250402120152229_2tmp"/>
    <property name="jdk.debug" value="release"/>
    <property name="surefire.test.class.path" value="F:\Workspace Java\Nelio\Expert\Desafio-JaCoCo\Desafio\target\test-classes;F:\Workspace Java\Nelio\Expert\Desafio-JaCoCo\Desafio\target\classes;C:\Users\Usuario\.m2\repository\org\springframework\boot\spring-boot-starter-web\3.2.5\spring-boot-starter-web-3.2.5.jar;C:\Users\Usuario\.m2\repository\org\springframework\boot\spring-boot-starter\3.2.5\spring-boot-starter-3.2.5.jar;C:\Users\Usuario\.m2\repository\org\springframework\boot\spring-boot\3.2.5\spring-boot-3.2.5.jar;C:\Users\Usuario\.m2\repository\org\springframework\boot\spring-boot-autoconfigure\3.2.5\spring-boot-autoconfigure-3.2.5.jar;C:\Users\Usuario\.m2\repository\org\springframework\boot\spring-boot-starter-logging\3.2.5\spring-boot-starter-logging-3.2.5.jar;C:\Users\Usuario\.m2\repository\ch\qos\logback\logback-classic\1.4.14\logback-classic-1.4.14.jar;C:\Users\Usuario\.m2\repository\ch\qos\logback\logback-core\1.4.14\logback-core-1.4.14.jar;C:\Users\Usuario\.m2\repository\org\apache\logging\log4j\log4j-to-slf4j\2.21.1\log4j-to-slf4j-2.21.1.jar;C:\Users\Usuario\.m2\repository\org\apache\logging\log4j\log4j-api\2.21.1\log4j-api-2.21.1.jar;C:\Users\Usuario\.m2\repository\org\slf4j\jul-to-slf4j\2.0.13\jul-to-slf4j-2.0.13.jar;C:\Users\Usuario\.m2\repository\jakarta\annotation\jakarta.annotation-api\2.1.1\jakarta.annotation-api-2.1.1.jar;C:\Users\Usuario\.m2\repository\org\yaml\snakeyaml\2.2\snakeyaml-2.2.jar;C:\Users\Usuario\.m2\repository\org\springframework\boot\spring-boot-starter-json\3.2.5\spring-boot-starter-json-3.2.5.jar;C:\Users\Usuario\.m2\repository\com\fasterxml\jackson\datatype\jackson-datatype-jdk8\2.15.4\jackson-datatype-jdk8-2.15.4.jar;C:\Users\Usuario\.m2\repository\com\fasterxml\jackson\datatype\jackson-datatype-jsr310\2.15.4\jackson-datatype-jsr310-2.15.4.jar;C:\Users\Usuario\.m2\repository\com\fasterxml\jackson\module\jackson-module-parameter-names\2.15.4\jackson-module-parameter-names-2.15.4.jar;C:\Users\Usuario\.m2\repository\org\springframework\boot\spring-boot-starter-tomcat\3.2.5\spring-boot-starter-tomcat-3.2.5.jar;C:\Users\Usuario\.m2\repository\org\apache\tomcat\embed\tomcat-embed-core\10.1.20\tomcat-embed-core-10.1.20.jar;C:\Users\Usuario\.m2\repository\org\apache\tomcat\embed\tomcat-embed-websocket\10.1.20\tomcat-embed-websocket-10.1.20.jar;C:\Users\Usuario\.m2\repository\org\springframework\spring-web\6.1.6\spring-web-6.1.6.jar;C:\Users\Usuario\.m2\repository\org\springframework\spring-beans\6.1.6\spring-beans-6.1.6.jar;C:\Users\Usuario\.m2\repository\io\micrometer\micrometer-observation\1.12.5\micrometer-observation-1.12.5.jar;C:\Users\Usuario\.m2\repository\io\micrometer\micrometer-commons\1.12.5\micrometer-commons-1.12.5.jar;C:\Users\Usuario\.m2\repository\org\springframework\spring-webmvc\6.1.6\spring-webmvc-6.1.6.jar;C:\Users\Usuario\.m2\repository\org\springframework\spring-context\6.1.6\spring-context-6.1.6.jar;C:\Users\Usuario\.m2\repository\org\springframework\spring-expression\6.1.6\spring-expression-6.1.6.jar;C:\Users\Usuario\.m2\repository\org\springframework\boot\spring-boot-starter-test\3.2.5\spring-boot-starter-test-3.2.5.jar;C:\Users\Usuario\.m2\repository\org\springframework\boot\spring-boot-test\3.2.5\spring-boot-test-3.2.5.jar;C:\Users\Usuario\.m2\repository\org\springframework\boot\spring-boot-test-autoconfigure\3.2.5\spring-boot-test-autoconfigure-3.2.5.jar;C:\Users\Usuario\.m2\repository\com\jayway\jsonpath\json-path\2.9.0\json-path-2.9.0.jar;C:\Users\Usuario\.m2\repository\org\slf4j\slf4j-api\2.0.13\slf4j-api-2.0.13.jar;C:\Users\Usuario\.m2\repository\jakarta\xml\bind\jakarta.xml.bind-api\4.0.2\jakarta.xml.bind-api-4.0.2.jar;C:\Users\Usuario\.m2\repository\jakarta\activation\jakarta.activation-api\2.1.3\jakarta.activation-api-2.1.3.jar;C:\Users\Usuario\.m2\repository\net\minidev\json-smart\2.5.1\json-smart-2.5.1.jar;C:\Users\Usuario\.m2\repository\net\minidev\accessors-smart\2.5.1\accessors-smart-2.5.1.jar;C:\Users\Usuario\.m2\repository\org\ow2\asm\asm\9.6\asm-9.6.jar;C:\Users\Usuario\.m2\repository\org\assertj\assertj-core\3.24.2\assertj-core-3.24.2.jar;C:\Users\Usuario\.m2\repository\net\bytebuddy\byte-buddy\1.14.13\byte-buddy-1.14.13.jar;C:\Users\Usuario\.m2\repository\org\awaitility\awaitility\4.2.1\awaitility-4.2.1.jar;C:\Users\Usuario\.m2\repository\org\hamcrest\hamcrest\2.2\hamcrest-2.2.jar;C:\Users\Usuario\.m2\repository\org\junit\jupiter\junit-jupiter\5.10.2\junit-jupiter-5.10.2.jar;C:\Users\Usuario\.m2\repository\org\junit\jupiter\junit-jupiter-api\5.10.2\junit-jupiter-api-5.10.2.jar;C:\Users\Usuario\.m2\repository\org\opentest4j\opentest4j\1.3.0\opentest4j-1.3.0.jar;C:\Users\Usuario\.m2\repository\org\junit\platform\junit-platform-commons\1.10.2\junit-platform-commons-1.10.2.jar;C:\Users\Usuario\.m2\repository\org\apiguardian\apiguardian-api\1.1.2\apiguardian-api-1.1.2.jar;C:\Users\Usuario\.m2\repository\org\junit\jupiter\junit-jupiter-params\5.10.2\junit-jupiter-params-5.10.2.jar;C:\Users\Usuario\.m2\repository\org\junit\jupiter\junit-jupiter-engine\5.10.2\junit-jupiter-engine-5.10.2.jar;C:\Users\Usuario\.m2\repository\org\junit\platform\junit-platform-engine\1.10.2\junit-platform-engine-1.10.2.jar;C:\Users\Usuario\.m2\repository\org\mockito\mockito-core\5.7.0\mockito-core-5.7.0.jar;C:\Users\Usuario\.m2\repository\net\bytebuddy\byte-buddy-agent\1.14.13\byte-buddy-agent-1.14.13.jar;C:\Users\Usuario\.m2\repository\org\objenesis\objenesis\3.3\objenesis-3.3.jar;C:\Users\Usuario\.m2\repository\org\mockito\mockito-junit-jupiter\5.7.0\mockito-junit-jupiter-5.7.0.jar;C:\Users\Usuario\.m2\repository\org\skyscreamer\jsonassert\1.5.1\jsonassert-1.5.1.jar;C:\Users\Usuario\.m2\repository\com\vaadin\external\google\android-json\0.0.20131108.vaadin1\android-json-0.0.20131108.vaadin1.jar;C:\Users\Usuario\.m2\repository\org\springframework\spring-core\6.1.6\spring-core-6.1.6.jar;C:\Users\Usuario\.m2\repository\org\springframework\spring-jcl\6.1.6\spring-jcl-6.1.6.jar;C:\Users\Usuario\.m2\repository\org\springframework\spring-test\6.1.6\spring-test-6.1.6.jar;C:\Users\Usuario\.m2\repository\org\xmlunit\xmlunit-core\2.9.1\xmlunit-core-2.9.1.jar;C:\Users\Usuario\.m2\repository\org\springframework\boot\spring-boot-starter-data-jpa\3.2.5\spring-boot-starter-data-jpa-3.2.5.jar;C:\Users\Usuario\.m2\repository\org\springframework\boot\spring-boot-starter-aop\3.2.5\spring-boot-starter-aop-3.2.5.jar;C:\Users\Usuario\.m2\repository\org\aspectj\aspectjweaver\1.9.22\aspectjweaver-1.9.22.jar;C:\Users\Usuario\.m2\repository\org\springframework\boot\spring-boot-starter-jdbc\3.2.5\spring-boot-starter-jdbc-3.2.5.jar;C:\Users\Usuario\.m2\repository\com\zaxxer\HikariCP\5.0.1\HikariCP-5.0.1.jar;C:\Users\Usuario\.m2\repository\org\springframework\spring-jdbc\6.1.6\spring-jdbc-6.1.6.jar;C:\Users\Usuario\.m2\repository\org\hibernate\orm\hibernate-core\6.4.4.Final\hibernate-core-6.4.4.Final.jar;C:\Users\Usuario\.m2\repository\jakarta\persistence\jakarta.persistence-api\3.1.0\jakarta.persistence-api-3.1.0.jar;C:\Users\Usuario\.m2\repository\jakarta\transaction\jakarta.transaction-api\2.0.1\jakarta.transaction-api-2.0.1.jar;C:\Users\Usuario\.m2\repository\org\jboss\logging\jboss-logging\3.5.3.Final\jboss-logging-3.5.3.Final.jar;C:\Users\Usuario\.m2\repository\org\hibernate\common\hibernate-commons-annotations\6.0.6.Final\hibernate-commons-annotations-6.0.6.Final.jar;C:\Users\Usuario\.m2\repository\io\smallrye\jandex\3.1.2\jandex-3.1.2.jar;C:\Users\Usuario\.m2\repository\com\fasterxml\classmate\1.6.0\classmate-1.6.0.jar;C:\Users\Usuario\.m2\repository\org\glassfish\jaxb\jaxb-runtime\4.0.5\jaxb-runtime-4.0.5.jar;C:\Users\Usuario\.m2\repository\org\glassfish\jaxb\jaxb-core\4.0.5\jaxb-core-4.0.5.jar;C:\Users\Usuario\.m2\repository\org\eclipse\angus\angus-activation\2.0.2\angus-activation-2.0.2.jar;C:\Users\Usuario\.m2\repository\org\glassfish\jaxb\txw2\4.0.5\txw2-4.0.5.jar;C:\Users\Usuario\.m2\repository\com\sun\istack\istack-commons-runtime\4.1.2\istack-commons-runtime-4.1.2.jar;C:\Users\Usuario\.m2\repository\jakarta\inject\jakarta.inject-api\2.0.1\jakarta.inject-api-2.0.1.jar;C:\Users\Usuario\.m2\repository\org\antlr\antlr4-runtime\4.13.0\antlr4-runtime-4.13.0.jar;C:\Users\Usuario\.m2\repository\org\springframework\data\spring-data-jpa\3.2.5\spring-data-jpa-3.2.5.jar;C:\Users\Usuario\.m2\repository\org\springframework\data\spring-data-commons\3.2.5\spring-data-commons-3.2.5.jar;C:\Users\Usuario\.m2\repository\org\springframework\spring-orm\6.1.6\spring-orm-6.1.6.jar;C:\Users\Usuario\.m2\repository\org\springframework\spring-tx\6.1.6\spring-tx-6.1.6.jar;C:\Users\Usuario\.m2\repository\org\springframework\spring-aspects\6.1.6\spring-aspects-6.1.6.jar;C:\Users\Usuario\.m2\repository\com\h2database\h2\2.2.224\h2-2.2.224.jar;C:\Users\Usuario\.m2\repository\org\springframework\boot\spring-boot-starter-validation\3.2.5\spring-boot-starter-validation-3.2.5.jar;C:\Users\Usuario\.m2\repository\org\apache\tomcat\embed\tomcat-embed-el\10.1.20\tomcat-embed-el-10.1.20.jar;C:\Users\Usuario\.m2\repository\org\hibernate\validator\hibernate-validator\8.0.1.Final\hibernate-validator-8.0.1.Final.jar;C:\Users\Usuario\.m2\repository\jakarta\validation\jakarta.validation-api\3.0.2\jakarta.validation-api-3.0.2.jar;C:\Users\Usuario\.m2\repository\org\springframework\boot\spring-boot-starter-security\3.2.5\spring-boot-starter-security-3.2.5.jar;C:\Users\Usuario\.m2\repository\org\springframework\spring-aop\6.1.6\spring-aop-6.1.6.jar;C:\Users\Usuario\.m2\repository\org\springframework\security\spring-security-config\6.2.4\spring-security-config-6.2.4.jar;C:\Users\Usuario\.m2\repository\org\springframework\security\spring-security-web\6.2.4\spring-security-web-6.2.4.jar;C:\Users\Usuario\.m2\repository\org\springframework\security\spring-security-test\6.2.4\spring-security-test-6.2.4.jar;C:\Users\Usuario\.m2\repository\org\springframework\security\spring-security-core\6.2.4\spring-security-core-6.2.4.jar;C:\Users\Usuario\.m2\repository\org\springframework\security\spring-security-crypto\6.2.4\spring-security-crypto-6.2.4.jar;C:\Users\Usuario\.m2\repository\org\springframework\security\spring-security-oauth2-authorization-server\1.2.4\spring-security-oauth2-authorization-server-1.2.4.jar;C:\Users\Usuario\.m2\repository\org\springframework\security\spring-security-oauth2-core\6.2.4\spring-security-oauth2-core-6.2.4.jar;C:\Users\Usuario\.m2\repository\org\springframework\security\spring-security-oauth2-jose\6.2.4\spring-security-oauth2-jose-6.2.4.jar;C:\Users\Usuario\.m2\repository\org\springframework\security\spring-security-oauth2-resource-server\6.2.4\spring-security-oauth2-resource-server-6.2.4.jar;C:\Users\Usuario\.m2\repository\com\nimbusds\nimbus-jose-jwt\9.37.3\nimbus-jose-jwt-9.37.3.jar;C:\Users\Usuario\.m2\repository\com\github\stephenc\jcip\jcip-annotations\1.0-1\jcip-annotations-1.0-1.jar;C:\Users\Usuario\.m2\repository\com\fasterxml\jackson\core\jackson-databind\2.15.4\jackson-databind-2.15.4.jar;C:\Users\Usuario\.m2\repository\com\fasterxml\jackson\core\jackson-annotations\2.15.4\jackson-annotations-2.15.4.jar;C:\Users\Usuario\.m2\repository\com\fasterxml\jackson\core\jackson-core\2.15.4\jackson-core-2.15.4.jar;C:\Users\Usuario\.m2\repository\org\springframework\boot\spring-boot-starter-oauth2-resource-server\3.2.5\spring-boot-starter-oauth2-resource-server-3.2.5.jar;"/>
    <property name="sun.cpu.endian" value="little"/>
    <property name="user.home" value="C:\Users\Usuario"/>
    <property name="user.language" value="pt"/>
    <property name="java.specification.vendor" value="Oracle Corporation"/>
    <property name="java.version.date" value="2025-01-21"/>
    <property name="java.home" value="C:\Users\Usuario\.p2\pool\plugins\org.eclipse.justj.openjdk.hotspot.jre.full.win32.x86_64_21.0.6.v20250130-0529\jre"/>
    <property name="file.separator" value="\"/>
    <property name="basedir" value="F:\Workspace Java\Nelio\Expert\Desafio-JaCoCo\Desafio"/>
    <property name="style.color" value="always"/>
    <property name="java.vm.compressedOopsMode" value="Zero based"/>
    <property name="line.separator" value="&#10;"/>
    <property name="java.vm.specification.vendor" value="Oracle Corporation"/>
    <property name="java.specification.name" value="Java Platform API Specification"/>
    <property name="FILE_LOG_CHARSET" value="UTF-8"/>
    <property name="java.awt.headless" value="true"/>
    <property name="surefire.real.class.path" value="C:\Users\Usuario\AppData\Local\Temp\surefire16002515602895159921\surefirebooter-20250402120152229_3.jar"/>
    <property name="user.script" value=""/>
    <property name="sun.management.compiler" value="HotSpot 64-Bit Tiered Compilers"/>
    <property name="java.runtime.version" value="21.0.6+7-LTS"/>
    <property name="user.name" value="Usuario"/>
    <property name="stdout.encoding" value="Cp1252"/>
    <property name="path.separator" value=";"/>
    <property name="os.version" value="10.0"/>
    <property name="java.runtime.name" value="OpenJDK Runtime Environment"/>
    <property name="file.encoding" value="UTF-8"/>
    <property name="java.vm.name" value="OpenJDK 64-Bit Server VM"/>
    <property name="java.vendor.version" value="Temurin-21.0.6+7"/>
    <property name="localRepository" value="C:\Users\Usuario\.m2\repository"/>
    <property name="java.vendor.url.bug" value="https://github.com/adoptium/adoptium-support/issues"/>
    <property name="java.io.tmpdir" value="C:\Users\Usuario\AppData\Local\Temp\"/>
    <property name="com.zaxxer.hikari.pool_number" value="1"/>
    <property name="java.version" value="21.0.6"/>
    <property name="user.dir" value="F:\Workspace Java\Nelio\Expert\Desafio-JaCoCo\Desafio"/>
    <property name="os.arch" value="amd64"/>
    <property name="java.vm.specification.name" value="Java Virtual Machine Specification"/>
    <property name="PID" value="3596"/>
    <property name="sun.os.patch.level" value=""/>
    <property name="CONSOLE_LOG_CHARSET" value="UTF-8"/>
    <property name="native.encoding" value="Cp1252"/>
    <property name="java.library.path" value="C:\Users\Usuario\.p2\pool\plugins\org.eclipse.justj.openjdk.hotspot.jre.full.win32.x86_64_21.0.6.v20250130-0529\jre\bin;C:\WINDOWS\Sun\Java\bin;C:\WINDOWS\system32;C:\WINDOWS;C:/Users/Usuario/.p2/pool/plugins/org.eclipse.justj.openjdk.hotspot.jre.full.win32.x86_64_21.0.6.v20250130-0529/jre/bin/server;C:/Users/Usuario/.p2/pool/plugins/org.eclipse.justj.openjdk.hotspot.jre.full.win32.x86_64_21.0.6.v20250130-0529/jre/bin;C:\Program Files\Common Files\Oracle\Java\javapath;C:\Python313\Scripts\;C:\Python313\;C:\Program Files\MongoDB\Server\7.0\bin;C:\Program Files\Java\jdk-17\bin;C:\WINDOWS\system32;C:\WINDOWS;C:\WINDOWS\System32\Wbem;C:\WINDOWS\System32\WindowsPowerShell\v1.0\;C:\WINDOWS\System32\OpenSSH\;C:\Program Files (x86)\NVIDIA Corporation\PhysX\Common;C:\ProgramData\chocolatey\bin;C:\Users\Usuario\AppData\Local\Android\Sdk\emulator;C:\Users\Usuario\AppData\Local\Android\Sdk\tools;C:\Users\Usuario\AppData\Local\Android\Sdk\tools\bin;C:\Users\Usuario\AppData\Local\Android\Sdk\platform-tools;C:\Program Files\NVIDIA Corporation\NVIDIA app\NvDLISR;C:\Program Files\nodejs\;C:\Program Files (x86)\Yarn\bin\;C:\Program Files\Git\cmd;C:\Program Files\Docker\Docker\resources\bin;C:\Program Files (x86)\Windows Kits\10\Windows Performance Toolkit\;C:\Program Files\dotnet\;C:\Program Files\Microsoft SQL Server\150\Tools\Binn\;C:\Program Files\Microsoft SQL Server\Client SDK\ODBC\170\Tools\Binn\;C:\Users\Usuario\.console-ninja\.bin;C:\Program Files\MySQL\MySQL Shell 8.0\bin\;C:\Users\Usuario\AppData\Local\Microsoft\WindowsApps;C:\Users\Usuario\AppData\Local\GitHubDesktop\bin;C:\Users\Usuario\AppData\Local\Programs\Microsoft VS Code\bin;C:\Users\Usuario\AppData\Local\Android\Sdk\emulator;C:\Users\Usuario\AppData\Local\Android\Sdk\tools;C:\Users\Usuario\AppData\Local\Android\Sdk\tools\bin;C:\Users\Usuario\AppData\Local\Android\Sdk\platform-tools;C:\Users\Usuario\AppData\Local\Microsoft\WindowsApps;C:\Users\Usuario\AppData\Roaming\npm;C:\Users\Usuario\AppData\Local\Yarn\bin;C:\Users\Usuario\AppData\Local\Android\Sdk\emulator;C:\Users\Usuario\AppData\Local\Android\Sdk\tools;C:\Users\Usuario\AppData\Local\Android\Sdk\tools\bin;C:\Users\Usuario\AppData\Local\Android\Sdk\platform-tools;;C:\Program Files\JetBrains\IntelliJ IDEA Community Edition 2024.3.3\bin;;C:\Users\Usuario\.dotnet\tools;C:\Users\Usuario\Desktop;;."/>
    <property name="java.vm.info" value="mixed mode, sharing"/>
    <property name="stderr.encoding" value="Cp1252"/>
    <property name="java.vendor" value="Eclipse Adoptium"/>
    <property name="java.vm.version" value="21.0.6+7-LTS"/>
    <property name="sun.io.unicode.encoding" value="UnicodeLittle"/>
    <property name="java.class.version" value="65.0"/>
  </properties>
  <testcase name="contextLoads" classname="com.devsuperior.dsmovie.DsmovieApplicationTests" time="0.404">
    <system-out><![CDATA[12:01:53.409 [main] INFO org.springframework.test.context.support.AnnotationConfigContextLoaderUtils -- Could not detect default configuration classes for test class [com.devsuperior.dsmovie.DsmovieApplicationTests]: DsmovieApplicationTests does not declare any static, non-private, non-final, nested classes annotated with @Configuration.
12:01:53.572 [main] INFO org.springframework.boot.test.context.SpringBootTestContextBootstrapper -- Found @SpringBootConfiguration com.devsuperior.dsmovie.DsmovieApplication for test class com.devsuperior.dsmovie.DsmovieApplicationTests

  .   ____          _            __ _ _
 /\\ / ___'_ __ _ _(_)_ __  __ _ \ \ \ \
( ( )\___ | '_ | '_| | '_ \/ _` | \ \ \ \
 \\/  ___)| |_)| | | | | || (_| |  ) ) ) )
  '  |____| .__|_| |_|_| |_\__, | / / / /
 =========|_|==============|___/=/_/_/_/
 :: Spring Boot ::                (v3.2.5)

2025-04-02T12:01:54.082-03:00  INFO 3596 --- [           main] c.d.dsmovie.DsmovieApplicationTests      : Starting DsmovieApplicationTests using Java 21.0.6 with PID 3596 (started by Usuario in F:\Workspace Java\Nelio\Expert\Desafio-JaCoCo\Desafio)
2025-04-02T12:01:54.084-03:00  INFO 3596 --- [           main] c.d.dsmovie.DsmovieApplicationTests      : The following 1 profile is active: "test"
2025-04-02T12:01:55.109-03:00  INFO 3596 --- [           main] .s.d.r.c.RepositoryConfigurationDelegate : Bootstrapping Spring Data JPA repositories in DEFAULT mode.
2025-04-02T12:01:55.178-03:00  INFO 3596 --- [           main] .s.d.r.c.RepositoryConfigurationDelegate : Finished Spring Data repository scanning in 58 ms. Found 3 JPA repository interfaces.
2025-04-02T12:01:55.770-03:00  INFO 3596 --- [           main] com.zaxxer.hikari.HikariDataSource       : HikariPool-1 - Starting...
2025-04-02T12:01:56.105-03:00  INFO 3596 --- [           main] com.zaxxer.hikari.pool.HikariPool        : HikariPool-1 - Added connection conn0: url=jdbc:h2:mem:testdb user=SA
2025-04-02T12:01:56.107-03:00  INFO 3596 --- [           main] com.zaxxer.hikari.HikariDataSource       : HikariPool-1 - Start completed.
2025-04-02T12:01:56.165-03:00  INFO 3596 --- [           main] o.hibernate.jpa.internal.util.LogHelper  : HHH000204: Processing PersistenceUnitInfo [name: default]
2025-04-02T12:01:56.277-03:00  INFO 3596 --- [           main] org.hibernate.Version                    : HHH000412: Hibernate ORM core version 6.4.4.Final
2025-04-02T12:01:56.341-03:00  INFO 3596 --- [           main] o.h.c.internal.RegionFactoryInitiator    : HHH000026: Second-level cache disabled
2025-04-02T12:01:56.631-03:00  INFO 3596 --- [           main] o.s.o.j.p.SpringPersistenceUnitInfo      : No LoadTimeWeaver setup: ignoring JPA class transformer
2025-04-02T12:01:58.030-03:00  INFO 3596 --- [           main] o.h.e.t.j.p.i.JtaPlatformInitiator       : HHH000489: No JTA platform available (set 'hibernate.transaction.jta.platform' to enable JTA platform integration)
Hibernate: 
    drop table if exists tb_movie cascade 
Hibernate: 
    drop table if exists tb_role cascade 
Hibernate: 
    drop table if exists tb_score cascade 
Hibernate: 
    drop table if exists tb_user cascade 
Hibernate: 
    drop table if exists tb_user_role cascade 
Hibernate: 
    create table tb_movie (
        count integer,
        score float(53),
        id bigint generated by default as identity,
        image varchar(255),
        title varchar(255),
        primary key (id)
    )
Hibernate: 
    create table tb_role (
        id bigint generated by default as identity,
        authority varchar(255) unique,
        primary key (id)
    )
Hibernate: 
    create table tb_score (
        score_value float(53),
        movie_id bigint not null,
        user_id bigint not null,
        primary key (movie_id, user_id)
    )
Hibernate: 
    create table tb_user (
        id bigint generated by default as identity,
        name varchar(255),
        password varchar(255),
        username varchar(255) unique,
        primary key (id)
    )
Hibernate: 
    create table tb_user_role (
        role_id bigint not null,
        user_id bigint not null,
        primary key (role_id, user_id)
    )
Hibernate: 
    alter table if exists tb_score 
       add constraint FK23yhb6qop0f6hnb72hcorm3cv 
       foreign key (movie_id) 
       references tb_movie
Hibernate: 
    alter table if exists tb_score 
       add constraint FKl8lgmbrjoav0thqqtqx6vrr4k 
       foreign key (user_id) 
       references tb_user
Hibernate: 
    alter table if exists tb_user_role 
       add constraint FKea2ootw6b6bb0xt3ptl28bymv 
       foreign key (role_id) 
       references tb_role
Hibernate: 
    alter table if exists tb_user_role 
       add constraint FK7vn3h53d0tqdimm8cp45gc0kl 
       foreign key (user_id) 
       references tb_user
Hibernate: INSERT INTO tb_user (name, username, password) VALUES ('Alex', 'alex@gmail.com', '$2a$10$eACCYoNOHEqXve8aIWT8Nu3PkMXWBaOxJ9aORUYzfMQCbVBIhZ8tG')
Hibernate: INSERT INTO tb_user (name, username, password) VALUES ('Maria', 'maria@gmail.com', '$2a$10$eACCYoNOHEqXve8aIWT8Nu3PkMXWBaOxJ9aORUYzfMQCbVBIhZ8tG')
Hibernate: INSERT INTO tb_user (name, username, password) VALUES ('Joao', 'joao@gmail.com', '$2a$10$eACCYoNOHEqXve8aIWT8Nu3PkMXWBaOxJ9aORUYzfMQCbVBIhZ8tG')
Hibernate: INSERT INTO tb_user (name, username, password) VALUES ('Ana', 'ana@gmail.com', '$2a$10$eACCYoNOHEqXve8aIWT8Nu3PkMXWBaOxJ9aORUYzfMQCbVBIhZ8tG')
Hibernate: INSERT INTO tb_user (name, username, password) VALUES ('Lucia', 'lucia@gmail.com', '$2a$10$eACCYoNOHEqXve8aIWT8Nu3PkMXWBaOxJ9aORUYzfMQCbVBIhZ8tG')
Hibernate: INSERT INTO tb_user (name, username, password) VALUES ('Joaquim', 'joaquim@gmail.com', '$2a$10$eACCYoNOHEqXve8aIWT8Nu3PkMXWBaOxJ9aORUYzfMQCbVBIhZ8tG')
Hibernate: INSERT INTO tb_role (authority) VALUES ('ROLE_CLIENT')
Hibernate: INSERT INTO tb_role (authority) VALUES ('ROLE_ADMIN')
Hibernate: INSERT INTO tb_user_role (user_id, role_id) VALUES (1, 1)
Hibernate: INSERT INTO tb_user_role (user_id, role_id) VALUES (2, 1)
Hibernate: INSERT INTO tb_user_role (user_id, role_id) VALUES (2, 2)
Hibernate: INSERT INTO tb_user_role (user_id, role_id) VALUES (3, 1)
Hibernate: INSERT INTO tb_user_role (user_id, role_id) VALUES (4, 1)
Hibernate: INSERT INTO tb_user_role (user_id, role_id) VALUES (5, 1)
Hibernate: INSERT INTO tb_user_role (user_id, role_id) VALUES (6, 1)
Hibernate: INSERT INTO tb_movie(score, count, title, image) VALUES (4.5, 2, 'The Witcher', 'https://www.themoviedb.org/t/p/w533_and_h300_bestv2/jBJWaqoSCiARWtfV0GlqHrcdidd.jpg')
Hibernate: INSERT INTO tb_movie(score, count, title, image) VALUES (3.3, 3, 'Venom: Tempo de Carnificina', 'https://www.themoviedb.org/t/p/w533_and_h300_bestv2/vIgyYkXkg6NC2whRbYjBD7eb3Er.jpg')
Hibernate: INSERT INTO tb_movie(score, count, title, image) VALUES (0, 0, 'O Espetacular Homem-Aranha 2: A Ameaça de Electro', 'https://www.themoviedb.org/t/p/w533_and_h300_bestv2/u7SeO6Y42P7VCTWLhpnL96cyOqd.jpg')
Hibernate: INSERT INTO tb_movie(score, count, title, image) VALUES (0, 0, 'Matrix Resurrections', 'https://www.themoviedb.org/t/p/w533_and_h300_bestv2/hv7o3VgfsairBoQFAawgaQ4cR1m.jpg')
Hibernate: INSERT INTO tb_movie(score, count, title, image) VALUES (0, 0, 'Shang-Chi e a Lenda dos Dez Anéis', 'https://www.themoviedb.org/t/p/w533_and_h300_bestv2/cinER0ESG0eJ49kXlExM0MEWGxW.jpg')
Hibernate: INSERT INTO tb_movie(score, count, title, image) VALUES (0, 0, 'Django Livre', 'https://www.themoviedb.org/t/p/w533_and_h300_bestv2/2oZklIzUbvZXXzIFzv7Hi68d6xf.jpg')
Hibernate: INSERT INTO tb_movie(score, count, title, image) VALUES (0, 0, 'Titanic', 'https://www.themoviedb.org/t/p/w533_and_h300_bestv2/yDI6D5ZQh67YU4r2ms8qcSbAviZ.jpg')
Hibernate: INSERT INTO tb_movie(score, count, title, image) VALUES (0, 0, 'O Lobo de Wall Street', 'https://www.themoviedb.org/t/p/w533_and_h300_bestv2/cWUOv3H7YFwvKeaQhoAQTLLpo9Z.jpg')
Hibernate: INSERT INTO tb_movie(score, count, title, image) VALUES (0, 0, 'Aves de Rapina: Arlequina e sua Emancipação Fantabulosa', 'https://www.themoviedb.org/t/p/w533_and_h300_bestv2/jiqD14fg7UTZOT6qgvzTmfRYpWI.jpg')
Hibernate: INSERT INTO tb_movie(score, count, title, image) VALUES (0, 0, 'Rogue One: Uma História Star Wars', 'https://www.themoviedb.org/t/p/w533_and_h300_bestv2/6t8ES1d12OzWyCGxBeDYLHoaDrT.jpg')
Hibernate: INSERT INTO tb_movie(score, count, title, image) VALUES (0, 0, 'Star Wars: A Guerra dos Clones', 'https://www.themoviedb.org/t/p/w533_and_h300_bestv2/uK15I3sGd8AudO9z6J6vi0HH1UU.jpg')
Hibernate: INSERT INTO tb_movie(score, count, title, image) VALUES (0, 0, 'Star Wars: Episódio I - A Ameaça Fantasma', 'https://www.themoviedb.org/t/p/w533_and_h300_bestv2/36LnijfQCOC89rCMOhn2OINXROI.jpg')
Hibernate: INSERT INTO tb_movie(score, count, title, image) VALUES (0, 0, 'Vingadores: Ultimato', 'https://www.themoviedb.org/t/p/w533_and_h300_bestv2/7RyHsO4yDXtBv1zUU3mTpHeQ0d5.jpg')
Hibernate: INSERT INTO tb_movie(score, count, title, image) VALUES (0, 0, 'Thor', 'https://www.themoviedb.org/t/p/w533_and_h300_bestv2/cDJ61O1STtbWNBwefuqVrRe3d7l.jpg')
Hibernate: INSERT INTO tb_movie(score, count, title, image) VALUES (0, 0, 'Cisne Negro', 'https://www.themoviedb.org/t/p/w533_and_h300_bestv2/hqh5O4KssfJWI62HGAgrjHXbxhD.jpg')
Hibernate: INSERT INTO tb_movie(score, count, title, image) VALUES (0, 0, 'O Silêncio dos Inocentes', 'https://www.themoviedb.org/t/p/w533_and_h300_bestv2/mfwq2nMBzArzQ7Y9RKE8SKeeTkg.jpg')
Hibernate: INSERT INTO tb_movie(score, count, title, image) VALUES (0, 0, 'Clube da Luta', 'https://www.themoviedb.org/t/p/w533_and_h300_bestv2/hZkgoQYus5vegHoetLkCJzb17zJ.jpg')
Hibernate: INSERT INTO tb_movie(score, count, title, image) VALUES (0, 0, 'Guerra Mundial Z', 'https://www.themoviedb.org/t/p/w533_and_h300_bestv2/31VpBgUX5O4Z3dn5ZbX8HLqoXH3.jpg')
Hibernate: INSERT INTO tb_movie(score, count, title, image) VALUES (0, 0, 'Harry Potter e as Relíquias da Morte - Parte 1', 'https://www.themoviedb.org/t/p/w533_and_h300_bestv2/vcrgU0KaNj5mKUCIQSUdiQwTE9y.jpg')
Hibernate: INSERT INTO tb_movie(score, count, title, image) VALUES (0, 0, 'Harry Potter e a Pedra Filosofal', 'https://www.themoviedb.org/t/p/w533_and_h300_bestv2/lvOLivVeX3DVVcwfVkxKf0R22D8.jpg')
Hibernate: INSERT INTO tb_movie(score, count, title, image) VALUES (0, 0, 'Alice no País das Maravilhas', 'https://www.themoviedb.org/t/p/w533_and_h300_bestv2/qNdlZgz9yoSJ8f0YxQWfKGPoVV.jpg')
Hibernate: INSERT INTO tb_movie(score, count, title, image) VALUES (0, 0, 'Animais Fantásticos e Onde Habitam', 'https://www.themoviedb.org/t/p/w533_and_h300_bestv2/8Qsr8pvDL3s1jNZQ4HK1d1Xlvnh.jpg')
Hibernate: INSERT INTO tb_movie(score, count, title, image) VALUES (0, 0, 'A Teoria de Tudo', 'https://www.themoviedb.org/t/p/w533_and_h300_bestv2/kq2MHrRfH6RTfkvyDEmYLmGHE6U.jpg')
Hibernate: INSERT INTO tb_movie(score, count, title, image) VALUES (0, 0, 'O Livro de Boba Fett', 'https://www.themoviedb.org/t/p/w533_and_h300_bestv2/sjx6zjQI2dLGtEL0HGWsnq6UyLU.jpg')
Hibernate: INSERT INTO tb_movie(score, count, title, image) VALUES (0, 0, 'O Último Duelo', 'https://www.themoviedb.org/t/p/w533_and_h300_bestv2/4LrL40XecjGLRpX5I2gzMTUt04l.jpg')
Hibernate: INSERT INTO tb_movie(score, count, title, image) VALUES (0, 0, 'Interestelar', 'https://www.themoviedb.org/t/p/w533_and_h300_bestv2/rAiYTfKGqDCRIIqo664sY9XZIvQ.jpg')
Hibernate: INSERT INTO tb_movie(score, count, title, image) VALUES (0, 0, 'Contato', 'https://www.themoviedb.org/t/p/w533_and_h300_bestv2/yFkUPqBuUnbhYbQL8VFpTrAT9za.jpg')
Hibernate: INSERT INTO tb_movie(score, count, title, image) VALUES (0, 0, 'Duna', 'https://www.themoviedb.org/t/p/w533_and_h300_bestv2/jYEW5xZkZk2WTrdbMGAPFuBqbDc.jpg')
Hibernate: INSERT INTO tb_movie(score, count, title, image) VALUES (0, 0, 'Aquaman', 'https://www.themoviedb.org/t/p/w533_and_h300_bestv2/2cUsDz4TzFYHrKktT1bKHHQ7Cgm.jpg')
Hibernate: INSERT INTO tb_score(movie_id, user_id, score_value) VALUES (1, 3, 5.0)
Hibernate: INSERT INTO tb_score(movie_id, user_id, score_value) VALUES (1, 4, 4.0)
Hibernate: INSERT INTO tb_score(movie_id, user_id, score_value) VALUES (2, 3, 3.0)
Hibernate: INSERT INTO tb_score(movie_id, user_id, score_value) VALUES (2, 4, 3.0)
Hibernate: INSERT INTO tb_score(movie_id, user_id, score_value) VALUES (2, 5, 4.0)
2025-04-02T12:01:58.123-03:00  INFO 3596 --- [           main] j.LocalContainerEntityManagerFactoryBean : Initialized JPA EntityManagerFactory for persistence unit 'default'
2025-04-02T12:01:58.432-03:00  INFO 3596 --- [           main] o.s.d.j.r.query.QueryEnhancerFactory     : Hibernate is in classpath; If applicable, HQL parser will be used.
2025-04-02T12:01:59.850-03:00  INFO 3596 --- [           main] o.s.s.web.DefaultSecurityFilterChain     : Will secure org.springframework.security.oauth2.server.authorization.config.annotation.web.configurers.OAuth2AuthorizationServerConfigurer$$Lambda/0x00000196019ddb30@7d347ad2 with [org.springframework.security.web.session.DisableEncodeUrlFilter@6985633a, org.springframework.security.web.context.request.async.WebAsyncManagerIntegrationFilter@5ee617, org.springframework.security.web.context.SecurityContextHolderFilter@6b8e7ffe, org.springframework.security.oauth2.server.authorization.config.annotation.web.configurers.AuthorizationServerContextFilter@ed09135, org.springframework.security.web.header.HeaderWriterFilter@653b6d0d, org.springframework.security.web.csrf.CsrfFilter@13744188, org.springframework.security.web.authentication.logout.LogoutFilter@3c33b673, org.springframework.security.oauth2.server.authorization.web.OAuth2AuthorizationServerMetadataEndpointFilter@7c554fe8, org.springframework.security.oauth2.server.authorization.web.OAuth2AuthorizationEndpointFilter@46bc1b44, org.springframework.security.oauth2.server.authorization.web.OAuth2DeviceVerificationEndpointFilter@63b2bb62, org.springframework.security.oauth2.server.authorization.web.NimbusJwkSetEndpointFilter@36823961, org.springframework.security.oauth2.server.authorization.web.OAuth2ClientAuthenticationFilter@6f568b26, org.springframework.security.oauth2.server.resource.web.authentication.BearerTokenAuthenticationFilter@71a30227, org.springframework.security.web.savedrequest.RequestCacheAwareFilter@e17e7a3, org.springframework.security.web.servletapi.SecurityContextHolderAwareRequestFilter@3bec416d, org.springframework.security.web.authentication.AnonymousAuthenticationFilter@73acc31f, org.springframework.security.web.access.ExceptionTranslationFilter@31f6a5e5, org.springframework.security.web.access.intercept.AuthorizationFilter@6b94ced3, org.springframework.security.oauth2.server.authorization.web.OAuth2TokenEndpointFilter@20c2da14, org.springframework.security.oauth2.server.authorization.web.OAuth2TokenIntrospectionEndpointFilter@17be8940, org.springframework.security.oauth2.server.authorization.web.OAuth2TokenRevocationEndpointFilter@65dad7aa, org.springframework.security.oauth2.server.authorization.web.OAuth2DeviceAuthorizationEndpointFilter@201a57cc]
2025-04-02T12:02:00.086-03:00  INFO 3596 --- [           main] o.s.s.web.DefaultSecurityFilterChain     : Will secure org.springframework.boot.autoconfigure.security.servlet.PathRequest$H2ConsoleRequestMatcher@3927a940 with [org.springframework.security.web.session.DisableEncodeUrlFilter@33536628, org.springframework.security.web.context.request.async.WebAsyncManagerIntegrationFilter@4e000f70, org.springframework.security.web.context.SecurityContextHolderFilter@1dbdcca1, org.springframework.security.web.header.HeaderWriterFilter@c334129, org.springframework.security.web.authentication.logout.LogoutFilter@4acbfa, org.springframework.security.web.savedrequest.RequestCacheAwareFilter@19a40e15, org.springframework.security.web.servletapi.SecurityContextHolderAwareRequestFilter@65cde67a, org.springframework.security.web.authentication.AnonymousAuthenticationFilter@18c30851, org.springframework.security.web.access.ExceptionTranslationFilter@7e2046b5]
2025-04-02T12:02:00.094-03:00  INFO 3596 --- [           main] o.s.s.web.DefaultSecurityFilterChain     : Will secure any request with [org.springframework.security.web.session.DisableEncodeUrlFilter@14b5df7d, org.springframework.security.web.context.request.async.WebAsyncManagerIntegrationFilter@1fff7060, org.springframework.security.web.context.SecurityContextHolderFilter@2ebb0be2, org.springframework.security.web.header.HeaderWriterFilter@5ab983ce, org.springframework.web.filter.CorsFilter@6e0f0e45, org.springframework.security.web.authentication.logout.LogoutFilter@3c66e539, org.springframework.security.oauth2.server.resource.web.authentication.BearerTokenAuthenticationFilter@77e0cc26, org.springframework.security.web.savedrequest.RequestCacheAwareFilter@5b919201, org.springframework.security.web.servletapi.SecurityContextHolderAwareRequestFilter@5cc54c2b, org.springframework.security.web.authentication.AnonymousAuthenticationFilter@37f4719a, org.springframework.security.web.access.ExceptionTranslationFilter@861f65e, org.springframework.security.web.access.intercept.AuthorizationFilter@1de2d467]
2025-04-02T12:02:00.345-03:00  INFO 3596 --- [           main] o.s.b.a.h2.H2ConsoleAutoConfiguration    : H2 console available at '/h2-console'. Database available at 'jdbc:h2:mem:testdb'
2025-04-02T12:02:00.397-03:00  INFO 3596 --- [           main] c.d.dsmovie.DsmovieApplicationTests      : Started DsmovieApplicationTests in 6.626 seconds (process running for 8.055)
]]></system-out>
    <system-err><![CDATA[WARNING: A Java agent has been loaded dynamically (C:\Users\Usuario\.m2\repository\net\bytebuddy\byte-buddy-agent\1.14.13\byte-buddy-agent-1.14.13.jar)
WARNING: If a serviceability tool is in use, please run with -XX:+EnableDynamicAgentLoading to hide this warning
WARNING: If a serviceability tool is not in use, please run with -Djdk.instrument.traceUsage for more information
WARNING: Dynamic loading of agents will be disallowed by default in a future release
]]></system-err>
  </testcase>
</testsuite>